<?xml version="1.0" encoding="UTF-8"?>
<testsuite xmlns:xsi="http://www.w3.org/2001/XMLSchema-instance" xsi:noNamespaceSchemaLocation="https://maven.apache.org/surefire/maven-surefire-plugin/xsd/surefire-test-report-3.0.xsd" version="3.0" name="com.example.FFmpegWrapperTest" time="0.324" tests="1" errors="0" skipped="0" failures="0">
  <properties>
[...]
</properties>
  <testcase name="testDownmix" classname="com.example.FFmpegWrapperTest" time="0.305">
    <system-out><![CDATA[Checking input file: /Users/matt/Documents/projects/atmos-downmix/src/test/resources/media/The Visitor at the Window2_atmos.wav
Executing FFmpeg command: [ffmpeg, -i, src/test/resources/media/The Visitor at the Window2_atmos.wav, -ac, 2, src/test/resources/media/output.wav]
Downmix result: ffmpeg version 7.0.1 Copyright (c) 2000-2024 the FFmpeg developers
  built with Apple clang version 15.0.0 (clang-1500.3.9.4)
  configuration: --prefix=/opt/homebrew/Cellar/ffmpeg/7.0.1 --enable-shared --enable-pthreads --enable-version3 --cc=clang --host-cflags= --host-ldflags='-Wl,-ld_classic' --enable-ffplay --enable-gnutls --enable-gpl --enable-libaom --enable-libaribb24 --enable-libbluray --enable-libdav1d --enable-libharfbuzz --enable-libjxl --enable-libmp3lame --enable-libopus --enable-librav1e --enable-librist --enable-librubberband --enable-libsnappy --enable-libsrt --enable-libssh --enable-libsvtav1 --enable-libtesseract --enable-libtheora --enable-libvidstab --enable-libvmaf --enable-libvorbis --enable-libvpx --enable-libwebp --enable-libx264 --enable-libx265 --enable-libxml2 --enable-libxvid --enable-lzma --enable-libfontconfig --enable-libfreetype --enable-frei0r --enable-libass --enable-libopencore-amrnb --enable-libopencore-amrwb --enable-libopenjpeg --enable-libspeex --enable-libsoxr --enable-libzmq --enable-libzimg --disable-libjack --disable-indev=jack --enable-videotoolbox --enable-audiotoolbox --enable-neon
  libavutil      59.  8.100 / 59.  8.100
  libavcodec     61.  3.100 / 61.  3.100
  libavformat    61.  1.100 / 61.  1.100
  libavdevice    61.  1.100 / 61.  1.100
  libavfilter    10.  1.100 / 10.  1.100
  libswscale      8.  1.100 /  8.  1.100
  libswresample   5.  1.100 /  5.  1.100
  libpostproc    58.  1.100 / 58.  1.100
[aist#0:0/pcm_s24le @ 0x150806c70] Guessed Channel Layout: 5.1.4
Input #0, wav, from 'src/test/resources/media/The Visitor at the Window2_atmos.wav':
  Duration: 00:04:19.35, bitrate: 11520 kb/s
  Stream #0:0: Audio: pcm_s24le ([1][0][0][0] / 0x0001), 48000 Hz, 5.1.4, s32 (24 bit), 11520 kb/s
Stream mapping:
  Stream #0:0 -> #0:0 (pcm_s24le (native) -> pcm_s16le (native))
Press [q] to stop, [?] for help
Output #0, wav, to 'src/test/resources/media/output.wav':
  Metadata:
    ISFT            : Lavf61.1.100
  Stream #0:0: Audio: pcm_s16le ([1][0][0][0] / 0x0001), 48000 Hz, stereo, s16, 1536 kb/s
      Metadata:
        encoder         : Lavc61.3.100 pcm_s16le
[out#0/wav @ 0x150806de0] video:0KiB audio:48629KiB subtitle:0KiB other streams:0KiB global headers:0KiB muxing overhead: 0.000157%
size=   48629KiB time=00:04:19.35 bitrate=1536.0kbits/s speed=1.61e+03x    

]]></system-out>
  </testcase>
</testsuite>